# This file was autogenerated by uv via the following command:
#    uv pip compile pyproject.toml --resolution=highest -o frozen_requirements.lst
accelerate==1.2.1
    # via clamp (pyproject.toml)
certifi==2024.8.30
    # via requests
charset-normalizer==3.3.2
    # via requests
click==8.1.7
    # via clamp (pyproject.toml)
contourpy==1.3.0
    # via matplotlib
cycler==0.12.1
    # via matplotlib
filelock==3.16.1
    # via
    #   huggingface-hub
    #   torch
    #   transformers
fonttools==4.53.1
    # via matplotlib
fsspec==2024.9.0
    # via
    #   huggingface-hub
    #   torch
huggingface-hub==0.25.0
    # via
    #   accelerate
    #   tokenizers
    #   transformers
idna==3.10
    # via requests
jinja2==3.1.4
    # via torch
joblib==1.4.2
    # via scikit-learn
kiwisolver==1.4.7
    # via matplotlib
llvmlite==0.43.0
    # via clamp (pyproject.toml)
markdown-it-py==3.0.0
    # via rich
markupsafe==2.1.5
    # via jinja2
matplotlib==3.9.2
    # via plotnine
mdurl==0.1.2
    # via markdown-it-py
mizani==0.11.4
    # via plotnine
mpmath==1.3.0
    # via sympy
networkx==3.3
    # via torch
numpy==2.0.2
    # via
    #   clamp (pyproject.toml)
    #   accelerate
    #   contourpy
    #   matplotlib
    #   mizani
    #   pandas
    #   patsy
    #   plotnine
    #   scikit-learn
    #   scipy
    #   statsmodels
    #   transformers
nvidia-cublas-cu12==12.4.5.8
    # via
    #   nvidia-cudnn-cu12
    #   nvidia-cusolver-cu12
    #   torch
nvidia-cuda-cupti-cu12==12.4.127
    # via torch
nvidia-cuda-nvrtc-cu12==12.4.127
    # via torch
nvidia-cuda-runtime-cu12==12.4.127
    # via torch
nvidia-cudnn-cu12==9.1.0.70
    # via torch
nvidia-cufft-cu12==11.2.1.3
    # via torch
nvidia-curand-cu12==10.3.5.147
    # via torch
nvidia-cusolver-cu12==11.6.1.9
    # via torch
nvidia-cusparse-cu12==12.3.1.170
    # via
    #   nvidia-cusolver-cu12
    #   torch
nvidia-nccl-cu12==2.21.5
    # via torch
nvidia-nvjitlink-cu12==12.4.127
    # via
    #   nvidia-cusolver-cu12
    #   nvidia-cusparse-cu12
    #   torch
nvidia-nvtx-cu12==12.4.127
    # via torch
packaging==24.1
    # via
    #   accelerate
    #   huggingface-hub
    #   matplotlib
    #   statsmodels
    #   transformers
pandas==2.2.3
    # via
    #   mizani
    #   plotnine
    #   statsmodels
patsy==0.5.6
    # via statsmodels
pillow==10.4.0
    # via matplotlib
plotnine==0.13.6
    # via clamp (pyproject.toml)
polars==1.8.0
    # via clamp (pyproject.toml)
psutil==6.1.1
    # via accelerate
pygments==2.18.0
    # via rich
pyparsing==3.1.4
    # via matplotlib
python-dateutil==2.9.0.post0
    # via
    #   matplotlib
    #   pandas
pytz==2024.2
    # via pandas
pyyaml==6.0.2
    # via
    #   clamp (pyproject.toml)
    #   accelerate
    #   huggingface-hub
    #   transformers
regex==2024.9.11
    # via transformers
requests==2.32.3
    # via
    #   huggingface-hub
    #   transformers
rich==13.8.1
    # via clamp (pyproject.toml)
safetensors==0.4.5
    # via
    #   accelerate
    #   transformers
scikit-learn==1.5.2
    # via clamp (pyproject.toml)
scipy==1.14.1
    # via
    #   mizani
    #   plotnine
    #   scikit-learn
    #   statsmodels
setuptools==75.1.0
    # via torch
six==1.16.0
    # via
    #   patsy
    #   python-dateutil
statsmodels==0.14.3
    # via plotnine
sympy==1.13.1
    # via torch
threadpoolctl==3.5.0
    # via scikit-learn
tokenizers==0.19.1
    # via transformers
torch==2.5.1
    # via
    #   clamp (pyproject.toml)
    #   accelerate
tqdm==4.66.5
    # via
    #   huggingface-hub
    #   transformers
transformers==4.44.2
    # via clamp (pyproject.toml)
typing-extensions==4.12.2
    # via
    #   huggingface-hub
    #   torch
tzdata==2024.1
    # via pandas
urllib3==2.2.3
    # via requests
